<?xml version="1.0" encoding="UTF-8"?>
<!-- Generated by org.testng.reporters.JUnitReportReporter -->
<testsuite hostname="SaikatPC" failures="0" tests="4" name="day42.OrangeHRM" time="7.573" errors="0" timestamp="2025-07-17T20:59:16 CEST" skipped="0">
  <testcase classname="day42.OrangeHRM" name="openapp" time="4.087"/>
  <testcase classname="day42.OrangeHRM" name="testLogo" time="3.047"/>
  <testcase classname="day42.OrangeHRM" name="testLogin" time="0.202"/>
  <testcase classname="day42.OrangeHRM" name="closeApp" time="0.237"/>
</testsuite> <!-- day42.OrangeHRM -->
