<?xml version="1.0" encoding="UTF-8"?>
<!-- Generated by org.testng.reporters.JUnitReportReporter -->
<testsuite hostname="SaikatPC" failures="0" tests="1" name="day42.pack.C3" time="0.005" errors="0" timestamp="2025-06-26T21:02:17 CEST" skipped="0">
  <testcase classname="day42.pack.C3" name="pqr" time="0.005"/>
</testsuite> <!-- day42.pack.C3 -->
