<?xml version="1.0" encoding="UTF-8"?>
<!-- Generated by org.testng.reporters.JUnitReportReporter -->
<testsuite hostname="SaikatPC" failures="0" tests="1" name="day42.pack.C2" time="0.001" errors="0" timestamp="2025-07-17T21:27:29 CEST" skipped="0">
  <testcase classname="day42.pack.C2" name="xyz" time="0.001"/>
</testsuite> <!-- day42.pack.C2 -->
