<?xml version="1.0" encoding="UTF-8"?>
<!-- Generated by org.testng.reporters.JUnitReportReporter -->
<testsuite hostname="SaikatPC" failures="0" tests="3" name="day42.FirstTestNGProg" time="0.017" errors="0" timestamp="2025-08-05T11:01:06 CEST" skipped="0">
  <testcase classname="day42.FirstTestNGProg" name="open" time="0.014"/>
  <testcase classname="day42.FirstTestNGProg" name="login" time="0.001"/>
  <testcase classname="day42.FirstTestNGProg" name="logout" time="0.002"/>
</testsuite> <!-- day42.FirstTestNGProg -->
