<?xml version="1.0" encoding="UTF-8"?>
<!-- Generated by org.testng.reporters.JUnitReportReporter -->
<testsuite hostname="SaikatPC" failures="0" tests="1" name="day42.pack.C1" time="0.001" errors="0" timestamp="2025-06-26T21:02:17 CEST" skipped="0">
  <testcase classname="day42.pack.C1" name="abc" time="0.001"/>
</testsuite> <!-- day42.pack.C1 -->
