<?xml version="1.0" encoding="UTF-8"?>
<!-- Generated by org.testng.reporters.JUnitReportReporter -->
<testsuite hostname="SaikatPC" failures="0" tests="2" name="day43.AnnotationDemo2" time="0.011" errors="0" timestamp="2025-06-26T15:44:09 CEST" skipped="0">
  <testcase classname="day43.AnnotationDemo2" name="search" time="0.010"/>
  <testcase classname="day43.AnnotationDemo2" name="advacedsearch" time="0.001"/>
</testsuite> <!-- day43.AnnotationDemo2 -->
