<?xml version="1.0" encoding="UTF-8"?>
<!-- Generated by org.testng.reporters.JUnitReportReporter -->
<testsuite hostname="SaikatPC" failures="0" tests="2" name="day43.AnnotationDemo1" time="0.010" errors="0" timestamp="2025-07-17T21:29:00 CEST" skipped="0">
  <testcase classname="day43.AnnotationDemo1" name="search" time="0.003"/>
  <testcase classname="day43.AnnotationDemo1" name="advacedsearch" time="0.007"/>
</testsuite> <!-- day43.AnnotationDemo1 -->
