<?xml version="1.0" encoding="UTF-8"?>
<!-- Generated by org.testng.reporters.JUnitReportReporter -->
<testsuite hostname="SaikatPC" failures="0" tests="2" name="day43.AnnotationDemo1" time="0.030" errors="0" timestamp="2025-06-26T15:38:11 CEST" skipped="0">
  <testcase classname="day43.AnnotationDemo1" name="search" time="0.011"/>
  <testcase classname="day43.AnnotationDemo1" name="advacedsearch" time="0.019"/>
</testsuite> <!-- day43.AnnotationDemo1 -->
